<?xml version="1.0" encoding="UTF-8"?>
<!-- Generated by org.testng.reporters.JUnitXMLReporter -->
<testsuite hostname="350138591650T" ignored="2" name="Default test(failed)(failed)" tests="1" failures="0" timestamp="07 Sep 2018 16:32:18 GMT" time="0.066" errors="0">
  <testcase name="test3" time="0.032" classname="demo.TestNGRetryFailDemo"/>
  <testcase name="test1" time="0.0" classname="demo.TestNGRetryFailDemo">
    <ignored/>
  </testcase> <!-- test1 -->
  <testcase name="test2" time="0.0" classname="demo.TestNGRetryFailDemo">
    <ignored/>
  </testcase> <!-- test2 -->
</testsuite> <!-- Default test(failed)(failed) -->
