<?xml version="1.0" encoding="UTF-8"?>
<testng-results skipped="0" failed="0" ignored="0" total="1" passed="1">
  <reporter-output>
  </reporter-output>
  <suite name="Default suite" duration-ms="15997" started-at="2018-09-12T12:36:17Z" finished-at="2018-09-12T12:36:33Z">
    <groups>
    </groups>
    <test name="Default test" duration-ms="15997" started-at="2018-09-12T12:36:17Z" finished-at="2018-09-12T12:36:33Z">
      <class name="test.TestNG_Demo">
        <test-method status="PASS" signature="setUpTest()[pri:0, instance:test.TestNG_Demo@57baeedf]" name="setUpTest" is-config="true" duration-ms="4450" started-at="2018-09-12T12:36:17Z" finished-at="2018-09-12T12:36:21Z">
          <reporter-output>
          </reporter-output>
        </test-method> <!-- setUpTest -->
        <test-method status="PASS" signature="googleSearch()[pri:0, instance:test.TestNG_Demo@57baeedf]" name="googleSearch" duration-ms="9208" started-at="2018-09-12T12:36:21Z" finished-at="2018-09-12T12:36:30Z">
          <reporter-output>
          </reporter-output>
        </test-method> <!-- googleSearch -->
        <test-method status="PASS" signature="tearDownTest()[pri:0, instance:test.TestNG_Demo@57baeedf]" name="tearDownTest" is-config="true" duration-ms="2323" started-at="2018-09-12T12:36:30Z" finished-at="2018-09-12T12:36:33Z">
          <reporter-output>
          </reporter-output>
        </test-method> <!-- tearDownTest -->
      </class> <!-- test.TestNG_Demo -->
    </test> <!-- Default test -->
  </suite> <!-- Default suite -->
</testng-results>
